<?xml version="1.0" encoding="UTF-8"?>
<!-- Generated by org.testng.reporters.JUnitReportReporter -->
<testsuite hostname="Kesari-PC" failures="0" tests="2" name="pgObjTests.HomePageTest" time="25.832" errors="0" timestamp="11 Mar 2021 06:10:20 GMT" skipped="0">
  <testcase classname="pgObjTests.HomePageTest" name="verifyCheckBoxesLink" time="1.158"/>
  <testcase classname="pgObjTests.HomePageTest" name="verifyBrokenImageLink" time="24.674"/>
</testsuite> <!-- pgObjTests.HomePageTest -->
