<?xml version="1.0" encoding="UTF-8"?>
<!-- Generated by org.testng.reporters.JUnitReportReporter -->
<testsuite hostname="Kesari-PC" failures="0" tests="1" name="org.src.testautomation.ushaseautomation.AssertVerifications" time="21.185" errors="0" timestamp="13 Mar 2021 06:10:47 GMT" skipped="0">
  <testcase classname="org.src.testautomation.ushaseautomation.AssertVerifications" name="test" time="21.185"/>
</testsuite> <!-- org.src.testautomation.ushaseautomation.AssertVerifications -->
