<?xml version="1.0" encoding="UTF-8"?>
<!-- Generated by org.testng.reporters.JUnitReportReporter -->
<testsuite hostname="Kesari-PC" failures="0" tests="1" name="POMPages.PgLogin" time="12.768" errors="0" timestamp="11 Mar 2021 09:18:33 GMT" skipped="0">
  <testcase classname="POMPages.PgLogin" name="launchBrowser" time="12.768"/>
</testsuite> <!-- POMPages.PgLogin -->
