<?xml version="1.0" encoding="UTF-8"?>
<!-- Generated by org.testng.reporters.JUnitReportReporter -->
<testsuite hostname="Kesari-PC" failures="0" tests="1" name="pgObjTests.ContactUsTest" time="3.496" errors="0" timestamp="06 Mar 2021 16:41:47 GMT" skipped="0">
  <testcase classname="pgObjTests.ContactUsTest" name="clickContactUsLink" time="3.496"/>
</testsuite> <!-- pgObjTests.ContactUsTest -->
