<?xml version="1.0" encoding="UTF-8"?>
<!-- Generated by org.testng.reporters.JUnitReportReporter -->
<testsuite hostname="Kesari-PC" failures="0" tests="1" name="AutoPractiseTests.AutoPractiseTestCases" time="22.282" errors="0" timestamp="25 Mar 2021 18:08:59 GMT" skipped="0">
  <testcase classname="AutoPractiseTests.AutoPractiseTestCases" name="shopDress" time="22.282"/>
</testsuite> <!-- AutoPractiseTests.AutoPractiseTestCases -->
