<?xml version="1.0" encoding="UTF-8"?>
<!-- Generated by org.testng.reporters.JUnitReportReporter -->
<testsuite hostname="Kesari-PC" failures="0" tests="1" name="org.src.testautomation.ushaseautomation.RegisterForm" time="26.046" errors="0" timestamp="04 Mar 2021 12:54:51 GMT" skipped="0">
  <testcase classname="org.src.testautomation.ushaseautomation.RegisterForm" name="test" time="26.046"/>
</testsuite> <!-- org.src.testautomation.ushaseautomation.RegisterForm -->
