<?xml version="1.0" encoding="UTF-8"?>
<!-- Generated by org.testng.reporters.JUnitReportReporter -->
<testsuite hostname="Kesari-PC" failures="0" tests="2" name="org.src.testautomation.ushaseautomation.PractiseTestNG" time="0.013" errors="0" timestamp="04 Mar 2021 13:05:57 GMT" skipped="0">
  <testcase classname="org.src.testautomation.ushaseautomation.PractiseTestNG" name="testA" time="0.011"/>
  <testcase classname="org.src.testautomation.ushaseautomation.PractiseTestNG" name="testB" time="0.002"/>
</testsuite> <!-- org.src.testautomation.ushaseautomation.PractiseTestNG -->
