<?xml version="1.0" encoding="UTF-8"?>
<!-- Generated by org.testng.reporters.JUnitReportReporter -->
<testsuite hostname="Kesari-PC" failures="0" tests="1" name="org.src.testautomation.ushaseautomation.SingleElementVsMultipleElements" time="27.086" errors="0" timestamp="11 Mar 2021 07:18:33 GMT" skipped="0">
  <testcase classname="org.src.testautomation.ushaseautomation.SingleElementVsMultipleElements" name="verifyMultipleElements" time="27.086"/>
</testsuite> <!-- org.src.testautomation.ushaseautomation.SingleElementVsMultipleElements -->
