<?xml version="1.0" encoding="UTF-8"?>
<!-- Generated by org.testng.reporters.JUnitReportReporter -->
<testsuite hostname="Kesari-PC" failures="0" tests="2" name="pOMTests.PgLoginTest" time="5.009" errors="0" timestamp="12 Mar 2021 12:02:47 GMT" skipped="0">
  <testcase classname="pOMTests.PgLoginTest" name="verifyContactUsLink" time="1.712"/>
  <testcase classname="pOMTests.PgLoginTest" name="fillingFields" time="3.297"/>
</testsuite> <!-- pOMTests.PgLoginTest -->
